
                            < M A T L A B (R) >
                  Copyright 1984-2018 The MathWorks, Inc.
                   R2018a (9.4.0.813654) 64-bit (glnxa64)
                             February 23, 2018

 
To get started, type one of these: helpwin, helpdesk, or demo.
For product information, visit www.mathworks.com.
 
>>  function OADC_Pseudo_3D_driver
 |
{Error: Function definition not supported in this context. Create functions in
code file.
} 
>> >> >> >> >> >> >> >> >> >> >> >> >> >> >> >> >> >> >> >> >> >> >> >> >> >> >> >> >> >> >> >> >> >> >> >> >> >> >> >> >> >> >> >> >> >> >> >> >> >> >> >> >> >> >> >> >> >> >> >> >> {Error using atan2
Inputs must be real.

Error in trisol (line 8)
alph=2.0.*atan2(r,(s-a));

Error in rectdist_2D (line 37)
    [alph12,beta12,gam12]=trisol(d2n,d1n,L1,'r');

Error in pcluster_2D (line 40)
        dst(m)=rectdist_2D(k,m);

Error in faultcluster_2D (line 28)
    J=pcluster_2D(n0);

Error in splitfault_Nloop_2D (line 37)
        JFINALL=faultcluster_2D(con_tol,Kfaults);

Error in OADC_2D_on_proj_hypos (line 113)
            splitfault_Nloop_2D
} 
>> >> >> >> >> >> >> >> >> >> >> >> >> >> mv: cannot move ‘Simul.real.err1_2.incr20.no3_results’ to a subdirectory of itself, ‘Simul.real.err1_2.incr20.no3_results/Simul.real.err1_2.incr20.no3_results’
>> >> >> MATLAB: management.cpp:671: find: Assertion `' failed.
MATLAB: management.cpp:671: find: Assertion `' failed.
/cm/local/apps/slurm/var/spool/job484726/slurm_script: line 12: 279230 Aborted                 (core dumped) matlab -nodisplay < OADC_Pseudo_3D_driver_3.m
